
> ml_learning@0.1.0 build
> next build

▲ Next.js 16.2.1 (Turbopack)

  Creating an optimized production build ...

> Build error occurred
Error: Turbopack build failed with 6 errors:
./src/components/layout/Sidebar.tsx:40:51
Expected unicode escape
  [90m38 |[0m                 <ul className=[32m"space-y-1"[0m>
  [90m39 |[0m                   {groupedAlgorithms[category].map(algo => {
[31m[1m>[0m [90m40 |[0m                     [36mconst[0m isActive = pathname === \[32m`/algorithms/\${algo.id}\`;[0m
  [90m   |[0m                                                   [31m[1m^[0m
  [90m41 |[0m [32m                    return ([0m
  [90m42 |[0m [32m                      <li key={algo.id}>[0m
  [90m43 |[0m [32m                        <Link [0m

Parsing ecmascript source code failed

Import trace:
  Server Component:
    ./src/components/layout/Sidebar.tsx
    ./src/app/layout.tsx


./src/components/layout/Sidebar.tsx:40:52
Unterminated template
  [90m38 |[0m                 <ul className=[32m"space-y-1"[0m>
  [90m39 |[0m                   {groupedAlgorithms[category].map(algo => {
[31m[1m>[0m [90m40 |[0m                     [36mconst[0m isActive = pathname === \[32m`/algorithms/\${algo.id}\`;[0m
  [90m   |[0m                                                    [31m[1m^^^^^^^^^^^^^^^^^^^^^^^^^^[0m
[31m[1m>[0m [90m41 |[0m [32m                    return ([0m
  [90m   |[0m [31m[1m^^^^^^^^^^^^^^^^^^^^^^^^^^^^[0m
[31m[1m>[0m [90m42 |[0m [32m                      <li key={algo.id}>[0m
  [90m   |[0m [31m[1m^^^^^^^^^^^^^^^^^^^^^^^^^^^^^^^^^^^^^^^^[0m
[31m[1m>[0m [90m43 |[0m [32m                        <Link [0m
  [90m   |[0m [31m[1m^^^^^^^^^^^^^^^^^^^^^^^^^^^^^^[0m
[31m[1m>[0m [90m44 |[0m [32m                          href={\`/algorithms/\${algo.id}\`}[0m
  [90m   |[0m [31m[1m^^^^^^^^^^^^^^^^^^^^^^^^^^^^^^^^^^^^^^^^^^^^^^^^^^^^^^^^^^^^[0m
[31m[1m>[0m [90m45 |[0m [32m                          className={cn([0m
  [90m   |[0m [31m[1m^^^^^^^^^^^^^^^^^^^^^^^^^^^^^^^^^^^^^^^^[0m
[31m[1m>[0m [90m46 |[0m [32m                            "flex items-center gap-2 px-3 py-2 rounded-lg text-sm transition-all relative overflow-hidden group",[0m
  [90m   |[0m [31m[1m^^^^^^^^^^^^^^^^^^^^^^^^^^^^^^^^^^^^^^^^^^^^^^^^^^^^^^^^^^^^^^^^^^^^^^^^^^^^^^^^^^^^^^^^^^^^^^^^^^^^^^^^^^^^^^^^^^^^^^^^^^^^^^^^^[0m
[31m[1m>[0m [90m47 |[0m [32m                            isActive [0m
  [90m   |[0m [31m[1m^^^^^^^^^^^^^^^^^^^^^^^^^^^^^^^^^^^^^[0m
[31m[1m>[0m [90m48 |[0m [32m                              ? "text-white bg-[rgba(255,255,255,0.05)]" [0m
  [90m   |[0m [31m[1m^^^^^^^^^^^^^^^^^^^^^^^^^^^^^^^^^^^^^^^^^^^^^^^^^^^^^^^^^^^^^^^^^^^^^^^^^[0m
[31m[1m>[0m [90m49 |[0m [32m                              : "text-neutral-400 hover:text-white hover:bg-[rgba(255,255,255,0.02)]"[0m
  [90m   |[0m [31m[1m^^^^^^^^^^^^^^^^^^^^^^^^^^^^^^^^^^^^^^^^^^^^^^^^^^^^^^^^^^^^^^^^^^^^^^^^^^^^^^^^^^^^^^^^^^^^^^^^^^^^^[0m
[31m[1m>[0m [90m50 |[0m [32m                          )}[0m
  [90m   |[0m [31m[1m^^^^^^^^^^^^^^^^^^^^^^^^^^^^[0m
[31m[1m>[0m [90m51 |[0m [32m                        >[0m
  [90m   |[0m [31m[1m^^^^^^^^^^^^^^^^^^^^^^^^^[0m
[31m[1m>[0m [90m52 |[0m [32m                          {isActive && ([0m
  [90m   |[0m [31m[1m^^^^^^^^^^^^^^^^^^^^^^^^^^^^^^^^^^^^^^^^[0m
[31m[1m>[0m [90m53 |[0m [32m                            <div className="absolute left-0 top-0 bottom-0 w-1 bg-gradient-to-b from-primary to-secondary rounded-r" />[0m
  [90m   |[0m [31m[1m^^^^^^^^^^^^^^^^^^^^^^^^^^^^^^^^^^^^^^^^^^^^^^^^^^^^^^^^^^^^^^^^^^^^^^^^^^^^^^^^^^^^^^^^^^^^^^^^^^^^^^^^^^^^^^^^^^^^^^^^^^^^^^^^^^^^^^^[0m
[31m[1m>[0m [90m54 |[0m [32m                          )}[0m
  [90m   |[0m [31m[1m^^^^^^^^^^^^^^^^^^^^^^^^^^^^[0m
[31m[1m>[0m [90m55 |[0m [32m                          <Hash className="w-4 h-4 opacity-50 group-hover:opacity-100 transition-opacity" />[0m
  [90m   |[0m [31m[1m^^^^^^^^^^^^^^^^^^^^^^^^^^^^^^^^^^^^^^^^^^^^^^^^^^^^^^^^^^^^^^^^^^^^^^^^^^^^^^^^^^^^^^^^^^^^^^^^^^^^^^^^^^^^[0m
[31m[1m>[0m [90m56 |[0m [32m                          {algo.title}[0m
  [90m   |[0m [31m[1m^^^^^^^^^^^^^^^^^^^^^^^^^^^^^^^^^^^^^^[0m
[31m[1m>[0m [90m57 |[0m [32m                        </Link>[0m
  [90m   |[0m [31m[1m^^^^^^^^^^^^^^^^^^^^^^^^^^^^^^^[0m
[31m[1m>[0m [90m58 |[0m [32m                      </li>[0m
  [90m   |[0m [31m[1m^^^^^^^^^^^^^^^^^^^^^^^^^^^[0m
[31m[1m>[0m [90m59 |[0m [32m                    );[0m
  [90m   |[0m [31m[1m^^^^^^^^^^^^^^^^^^^^^^[0m
[31m[1m>[0m [90m60 |[0m [32m                  })}[0m
  [90m   |[0m [31m[1m^^^^^^^^^^^^^^^^^^^^^[0m
[31m[1m>[0m [90m61 |[0m [32m                </ul>[0m
  [90m   |[0m [31m[1m^^^^^^^^^^^^^^^^^^^^^[0m
[31m[1m>[0m [90m62 |[0m [32m              </div>[0m
  [90m   |[0m [31m[1m^^^^^^^^^^^^^^^^^^^^[0m
[31m[1m>[0m [90m63 |[0m [32m            )[0m
  [90m   |[0m [31m[1m^^^^^^^^^^^^^[0m
[31m[1m>[0m [90m64 |[0m [32m          ))}[0m
  [90m   |[0m [31m[1m^^^^^^^^^^^^^[0m
[31m[1m>[0m [90m65 |[0m [32m        </nav>[0m
  [90m   |[0m [31m[1m^^^^^^^^^^^^^^[0m
[31m[1m>[0m [90m66 |[0m [32m      </div>[0m
  [90m   |[0m [31m[1m^^^^^^^^^^^^[0m
[31m[1m>[0m [90m67 |[0m [32m    </aside>[0m
  [90m   |[0m [31m[1m^^^^^^^^^^^^[0m
[31m[1m>[0m [90m68 |[0m [32m  );[0m
  [90m   |[0m [31m[1m^^^^[0m
[31m[1m>[0m [90m69 |[0m [32m}[0m
  [90m   |[0m [31m[1m^[0m
[31m[1m>[0m [90m70 |[0m
  [90m   |[0m [31m[1m^[0m

Parsing ecmascript source code failed

Import trace:
  Server Component:
    ./src/components/layout/Sidebar.tsx
    ./src/app/layout.tsx


./src/components/layout/Header.tsx:3:1
Export Github doesn't exist in target module
  [90m1 |[0m [32m"use client"[0m;
  [90m2 |[0m
[31m[1m>[0m [90m3 |[0m [36mimport[0m { [33mSearch[0m, [33mGithub[0m, [33mTwitter[0m } [36mfrom[0m [32m'lucide-react'[0m;
  [90m  |[0m [31m[1m^^^^^^^^^^^^^^^^^^^^^^^^^^^^^^^^^^^^^^^^^^^^^^^^^^^^^^^[0m
  [90m4 |[0m [36mimport[0m [33mLink[0m [36mfrom[0m [32m'next/link'[0m;
  [90m5 |[0m
  [90m6 |[0m [36mexport[0m [36mdefault[0m [36mfunction[0m [33mHeader[0m() {

The export Github was not found in module [project]/node_modules/lucide-react/dist/esm/lucide-react.js [app-client] (ecmascript).
Did you mean to import Gift?
All exports of the module are statically known (It doesn't have dynamic exports). So it's known statically that the requested export doesn't exist.

Import trace:
  Server Component:
    ./src/components/layout/Header.tsx
    ./src/app/layout.tsx


./src/components/layout/Header.tsx:3:1
Export Github doesn't exist in target module
  [90m1 |[0m [32m"use client"[0m;
  [90m2 |[0m
[31m[1m>[0m [90m3 |[0m [36mimport[0m { [33mSearch[0m, [33mGithub[0m, [33mTwitter[0m } [36mfrom[0m [32m'lucide-react'[0m;
  [90m  |[0m [31m[1m^^^^^^^^^^^^^^^^^^^^^^^^^^^^^^^^^^^^^^^^^^^^^^^^^^^^^^^[0m
  [90m4 |[0m [36mimport[0m [33mLink[0m [36mfrom[0m [32m'next/link'[0m;
  [90m5 |[0m
  [90m6 |[0m [36mexport[0m [36mdefault[0m [36mfunction[0m [33mHeader[0m() {

The export Github was not found in module [project]/node_modules/lucide-react/dist/esm/lucide-react.js [app-ssr] (ecmascript).
Did you mean to import Gift?
All exports of the module are statically known (It doesn't have dynamic exports). So it's known statically that the requested export doesn't exist.

Import trace:
  Server Component:
    ./src/components/layout/Header.tsx
    ./src/app/layout.tsx


./src/components/layout/Header.tsx:3:1
Export Twitter doesn't exist in target module
  [90m1 |[0m [32m"use client"[0m;
  [90m2 |[0m
[31m[1m>[0m [90m3 |[0m [36mimport[0m { [33mSearch[0m, [33mGithub[0m, [33mTwitter[0m } [36mfrom[0m [32m'lucide-react'[0m;
  [90m  |[0m [31m[1m^^^^^^^^^^^^^^^^^^^^^^^^^^^^^^^^^^^^^^^^^^^^^^^^^^^^^^^[0m
  [90m4 |[0m [36mimport[0m [33mLink[0m [36mfrom[0m [32m'next/link'[0m;
  [90m5 |[0m
  [90m6 |[0m [36mexport[0m [36mdefault[0m [36mfunction[0m [33mHeader[0m() {

The export Twitter was not found in module [project]/node_modules/lucide-react/dist/esm/lucide-react.js [app-client] (ecmascript).
Did you mean to import Timer?
All exports of the module are statically known (It doesn't have dynamic exports). So it's known statically that the requested export doesn't exist.

Import trace:
  Server Component:
    ./src/components/layout/Header.tsx
    ./src/app/layout.tsx


./src/components/layout/Header.tsx:3:1
Export Twitter doesn't exist in target module
  [90m1 |[0m [32m"use client"[0m;
  [90m2 |[0m
[31m[1m>[0m [90m3 |[0m [36mimport[0m { [33mSearch[0m, [33mGithub[0m, [33mTwitter[0m } [36mfrom[0m [32m'lucide-react'[0m;
  [90m  |[0m [31m[1m^^^^^^^^^^^^^^^^^^^^^^^^^^^^^^^^^^^^^^^^^^^^^^^^^^^^^^^[0m
  [90m4 |[0m [36mimport[0m [33mLink[0m [36mfrom[0m [32m'next/link'[0m;
  [90m5 |[0m
  [90m6 |[0m [36mexport[0m [36mdefault[0m [36mfunction[0m [33mHeader[0m() {

The export Twitter was not found in module [project]/node_modules/lucide-react/dist/esm/lucide-react.js [app-ssr] (ecmascript).
Did you mean to import Timer?
All exports of the module are statically known (It doesn't have dynamic exports). So it's known statically that the requested export doesn't exist.

Import trace:
  Server Component:
    ./src/components/layout/Header.tsx
    ./src/app/layout.tsx


    at <unknown> (./src/components/layout/Sidebar.tsx:40:51)
    at <unknown> (./src/components/layout/Sidebar.tsx:40:52)
    at <unknown> (./src/components/layout/Header.tsx:3:1)
    at <unknown> (./src/components/layout/Header.tsx:3:1)
    at <unknown> (./src/components/layout/Header.tsx:3:1)
    at <unknown> (./src/components/layout/Header.tsx:3:1)
